<?xml version="1.0" encoding="utf-8"?><testsuites name="pytest tests"><testsuite name="pytest" errors="0" failures="0" skipped="0" tests="15" time="1.419" timestamp="2026-03-30T09:04:03.772372+00:00" hostname="agent-env-ede991fc-4bde-4eb8-a0af-c48c4ece075a"><testcase classname="tests.test_aca_compliance_features.TestDashboardMECCalculation" name="test_dashboard_returns_mec_coverage_pct" time="0.587" /><testcase classname="tests.test_aca_compliance_features.TestDashboardMECCalculation" name="test_mec_coverage_not_100_when_plan_fails" time="0.053" /><testcase classname="tests.test_aca_compliance_features.TestDashboardMECCalculation" name="test_mec_offered_count_excludes_failing_plans" time="0.062" /><testcase classname="tests.test_aca_compliance_features.TestDashboardRiskAlerts" name="test_risk_alerts_include_penalty_breakdown" time="0.061" /><testcase classname="tests.test_aca_compliance_features.TestDashboardRiskAlerts" name="test_penalty_a_calculated_when_mec_not_compliant" time="0.052" /><testcase classname="tests.test_aca_compliance_features.TestDashboardRiskAlerts" name="test_potential_penalty_is_sum_of_a_and_b" time="0.049" /><testcase classname="tests.test_aca_compliance_features.TestPlanLibraryData" name="test_platinum_ppo_has_mec_qualified_false" time="0.048" /><testcase classname="tests.test_aca_compliance_features.TestPlanLibraryData" name="test_bronze_hdhp_has_mv_certified_true" time="0.048" /><testcase classname="tests.test_aca_compliance_features.TestPlanLibraryData" name="test_silver_ppo_has_mec_qualified_true" time="0.048" /><testcase classname="tests.test_aca_compliance_features.TestPlanLibraryData" name="test_dental_vision_plans_have_mec_false" time="0.048" /><testcase classname="tests.test_aca_compliance_features.TestMVFailLogic" name="test_mv_failing_plans_identified" time="0.049" /><testcase classname="tests.test_aca_compliance_features.TestMVFailLogic" name="test_all_medical_plans_have_mv_data" time="0.049" /><testcase classname="tests.test_aca_compliance_features.TestComplianceCheckEndpoint" name="test_compliance_check_returns_mec_data" time="0.047" /><testcase classname="tests.test_aca_compliance_features.TestComplianceCheckEndpoint" name="test_compliance_check_returns_mv_data" time="0.046" /><testcase classname="tests.test_aca_compliance_features.TestComplianceCheckEndpoint" name="test_compliance_check_for_mec_failing_plan" time="0.045" /></testsuite></testsuites>