<?xml version="1.0" encoding="utf-8"?><testsuites name="pytest tests"><testsuite name="pytest" errors="0" failures="0" skipped="0" tests="8" time="2.875" timestamp="2026-03-31T06:54:59.197313+00:00" hostname="agent-env-ede991fc-4bde-4eb8-a0af-c48c4ece075a"><testcase classname="backend.tests.test_actuarial_certification.TestComplianceCheckActuaryCertification" name="test_compliance_check_returns_certified_by_actuary_null_for_uncertified_plans" time="1.159" /><testcase classname="backend.tests.test_actuarial_certification.TestComplianceCheckActuaryCertification" name="test_compliance_check_returns_has_active_quote_false_for_plans_without_quotes" time="0.532" /><testcase classname="backend.tests.test_actuarial_certification.TestComplianceCheckActuaryCertification" name="test_compliance_check_mv_method_for_non_actuary_certified_plans" time="0.547" /><testcase classname="backend.tests.test_actuarial_certification.TestComplianceCheckActuaryCertification" name="test_compliance_check_certification_source_field" time="0.140" /><testcase classname="backend.tests.test_actuarial_certification.TestPlanMVStatus" name="test_find_plan_with_mv_below_60" time="0.000" /><testcase classname="backend.tests.test_actuarial_certification.TestPlanMVStatus" name="test_find_plan_with_mv_above_60" time="0.000" /><testcase classname="backend.tests.test_actuarial_certification.TestAffordabilityFTEmployees" name="test_affordability_shows_ft_employee_count" time="0.119" /><testcase classname="backend.tests.test_actuarial_certification.TestLoginWorks" name="test_employer_login" time="0.324" /></testsuite></testsuites>