<?xml version="1.0" encoding="utf-8"?><testsuites name="pytest tests"><testsuite name="pytest" errors="0" failures="0" skipped="0" tests="7" time="1.775" timestamp="2026-03-31T06:14:30.031034+00:00" hostname="agent-env-ede991fc-4bde-4eb8-a0af-c48c4ece075a"><testcase classname="tests.test_adp_integration.TestADPStatus" name="test_adp_status_returns_configured_false" time="0.707" /><testcase classname="tests.test_adp_integration.TestADPAuthURL" name="test_adp_auth_url_returns_400_when_not_configured" time="0.114" /><testcase classname="tests.test_adp_integration.TestADPDisconnect" name="test_adp_disconnect_works_without_error" time="0.116" /><testcase classname="tests.test_adp_integration.TestPayrollSummary" name="test_payroll_summary_returns_source_field" time="0.102" /><testcase classname="tests.test_adp_integration.TestPayrollGenerate" name="test_payroll_generate_creates_mock_data" time="0.151" /><testcase classname="tests.test_adp_integration.TestPayrollGenerate" name="test_payroll_summary_shows_mock_source_after_generate" time="0.193" /><testcase classname="tests.test_adp_integration.TestPayrollDelete" name="test_payroll_delete_resets_data" time="0.205" /></testsuite></testsuites>