<?xml version="1.0" encoding="utf-8"?><testsuites name="pytest tests"><testsuite name="pytest" errors="0" failures="0" skipped="0" tests="6" time="3.561" timestamp="2026-04-06T06:33:56.607182+00:00" hostname="agent-env-ede991fc-4bde-4eb8-a0af-c48c4ece075a"><testcase classname="backend.tests.test_affordability_assignment_block.TestAffordabilityAssignmentBlock" name="test_platinum_ppo_returns_422_for_adam_murphy" time="0.697" /><testcase classname="backend.tests.test_affordability_assignment_block.TestAffordabilityAssignmentBlock" name="test_silver_ppo_succeeds_for_adam_murphy" time="0.532" /><testcase classname="backend.tests.test_affordability_assignment_block.TestAffordabilityAssignmentBlock" name="test_gold_hmo_succeeds_for_adam_murphy" time="0.547" /><testcase classname="backend.tests.test_affordability_assignment_block.TestAffordabilityAssignmentBlock" name="test_422_response_message_format" time="0.506" /><testcase classname="backend.tests.test_affordability_assignment_block.TestAffordabilityAssignmentBlock" name="test_get_assigned_employees_endpoint" time="0.527" /><testcase classname="backend.tests.test_affordability_assignment_block.TestAffordabilityAssignmentBlock" name="test_employees_list_endpoint" time="0.590" /></testsuite></testsuites>