<?xml version="1.0" encoding="utf-8"?><testsuites name="pytest tests"><testsuite name="pytest" errors="0" failures="0" skipped="0" tests="11" time="1.472" timestamp="2026-04-06T06:15:04.670403+00:00" hostname="agent-env-ede991fc-4bde-4eb8-a0af-c48c4ece075a"><testcase classname="backend.tests.test_affordability_breakdown.TestAffordabilityEmployeeBreakdown" name="test_silver_ppo_compliance_check_returns_employees_array" time="0.694" /><testcase classname="backend.tests.test_affordability_breakdown.TestAffordabilityEmployeeBreakdown" name="test_silver_ppo_employee_data_structure" time="0.054" /><testcase classname="backend.tests.test_affordability_breakdown.TestAffordabilityEmployeeBreakdown" name="test_silver_ppo_100_percent_affordable" time="0.051" /><testcase classname="backend.tests.test_affordability_breakdown.TestAffordabilityEmployeeBreakdown" name="test_silver_ppo_all_employees_marked_affordable" time="0.050" /><testcase classname="backend.tests.test_affordability_breakdown.TestAffordabilityEmployeeBreakdown" name="test_platinum_ppo_has_unaffordable_employees" time="0.066" /><testcase classname="backend.tests.test_affordability_breakdown.TestAffordabilityEmployeeBreakdown" name="test_platinum_ppo_expected_pass_rate" time="0.052" /><testcase classname="backend.tests.test_affordability_breakdown.TestAffordabilityEmployeeBreakdown" name="test_employees_sorted_unaffordable_first" time="0.050" /><testcase classname="backend.tests.test_affordability_breakdown.TestAffordabilityEmployeeBreakdown" name="test_pct_of_income_calculation" time="0.051" /><testcase classname="backend.tests.test_affordability_breakdown.TestAffordabilityEmployeeBreakdown" name="test_monthly_threshold_calculation" time="0.059" /><testcase classname="backend.tests.test_affordability_breakdown.TestAffordabilityEmployeeBreakdown" name="test_affordable_flag_matches_threshold" time="0.050" /><testcase classname="backend.tests.test_affordability_breakdown.TestAtRiskEmployeeLogic" name="test_at_risk_returns_zero_with_compliant_plans" time="0.054" /></testsuite></testsuites>