<?xml version="1.0" encoding="utf-8"?><testsuites name="pytest tests"><testsuite name="pytest" errors="0" failures="0" skipped="1" tests="24" time="6.190" timestamp="2026-03-25T09:43:40.381730+00:00" hostname="agent-env-e5f4defc-edf4-4316-a065-00013e2cfbb8"><testcase classname="backend.tests.test_carrier_integration.TestCarrierList" name="test_list_carriers_returns_5_carriers" time="0.504" /><testcase classname="backend.tests.test_carrier_integration.TestCarrierList" name="test_carrier_structure" time="0.101" /><testcase classname="backend.tests.test_carrier_integration.TestCarrierList" name="test_bcbs_has_3_plans" time="0.110" /><testcase classname="backend.tests.test_carrier_integration.TestCarrierList" name="test_carriers_require_auth" time="0.102" /><testcase classname="backend.tests.test_carrier_integration.TestCarrierPlans" name="test_get_bcbs_plans" time="0.099" /><testcase classname="backend.tests.test_carrier_integration.TestCarrierPlans" name="test_plan_structure" time="0.101" /><testcase classname="backend.tests.test_carrier_integration.TestCarrierPlans" name="test_all_carriers_have_plans" time="0.761" /><testcase classname="backend.tests.test_carrier_integration.TestCarrierPlans" name="test_invalid_carrier_returns_404" time="0.119" /><testcase classname="backend.tests.test_carrier_integration.TestCarrierConnection" name="test_get_connection_status" time="0.220" /><testcase classname="backend.tests.test_carrier_integration.TestCarrierConnection" name="test_connection_for_nonexistent_employer" time="0.100" /><testcase classname="backend.tests.test_carrier_integration.TestCarrierSync" name="test_sync_history" time="0.110" /><testcase classname="backend.tests.test_carrier_integration.TestCarrierSync" name="test_sync_detail" time="0.206" /><testcase classname="backend.tests.test_carrier_integration.TestCarrierSync" name="test_sync_detail_invalid_id" time="0.101" /><testcase classname="backend.tests.test_carrier_integration.TestCarrierConnectDisconnect" name="test_connect_carrier" time="0.418" /><testcase classname="backend.tests.test_carrier_integration.TestCarrierConnectDisconnect" name="test_connect_invalid_carrier" time="0.310" /><testcase classname="backend.tests.test_carrier_integration.TestCarrierConnectDisconnect" name="test_connect_invalid_employer" time="0.104" /><testcase classname="backend.tests.test_carrier_integration.TestCarrierConnectDisconnect" name="test_disconnect_carrier" time="0.551" /><testcase classname="backend.tests.test_carrier_integration.TestCarrierConnectDisconnect" name="test_disconnect_not_connected" time="0.405" /><testcase classname="backend.tests.test_carrier_integration.TestCarrierSyncExecution" name="test_sync_returns_enrollment_data" time="0.248" /><testcase classname="backend.tests.test_carrier_integration.TestCarrierSyncExecution" name="test_sync_creates_plans_if_needed" time="0.248" /><testcase classname="backend.tests.test_carrier_integration.TestCarrierSyncExecution" name="test_sync_updates_employees" time="0.279" /><testcase classname="backend.tests.test_carrier_integration.TestCarrierSyncExecution" name="test_sync_without_connection_fails" time="0.101"><skipped type="pytest.skip" message="Could not create test employer">/app/backend/tests/test_carrier_integration.py:425: Could not create test employer</skipped></testcase><testcase classname="backend.tests.test_carrier_integration.TestDuplicatePlanPrevention" name="test_second_sync_no_new_plans" time="0.408" /><testcase classname="backend.tests.test_carrier_integration.TestEmployeeDataPersistence" name="test_employee_has_plan_assignment" time="0.381" /></testsuite></testsuites>