<?xml version="1.0" encoding="utf-8"?><testsuites name="pytest tests"><testsuite name="pytest" errors="0" failures="0" skipped="2" tests="12" time="1.474" timestamp="2026-03-30T09:23:27.034530+00:00" hostname="agent-env-ede991fc-4bde-4eb8-a0af-c48c4ece075a"><testcase classname="backend.tests.test_chat_and_payment_features.TestChatMessaging" name="test_get_messages_for_accepted_quote" time="0.428" /><testcase classname="backend.tests.test_chat_and_payment_features.TestChatMessaging" name="test_send_message_as_employer" time="0.053" /><testcase classname="backend.tests.test_chat_and_payment_features.TestChatMessaging" name="test_send_message_as_actuary" time="0.395" /><testcase classname="backend.tests.test_chat_and_payment_features.TestChatMessaging" name="test_reject_empty_message" time="0.103" /><testcase classname="backend.tests.test_chat_and_payment_features.TestChatMessaging" name="test_reject_message_on_pending_quote" time="0.050"><skipped type="pytest.skip" message="No pending quote available for testing">/app/backend/tests/test_chat_and_payment_features.py:178: No pending quote available for testing</skipped></testcase><testcase classname="backend.tests.test_chat_and_payment_features.TestChatMessaging" name="test_verify_messages_persisted" time="0.047" /><testcase classname="backend.tests.test_chat_and_payment_features.TestPaymentDocumentValidation" name="test_get_quote_details" time="0.046" /><testcase classname="backend.tests.test_chat_and_payment_features.TestPaymentDocumentValidation" name="test_pay_rejected_without_documents" time="0.048"><skipped type="pytest.skip" message="Quote already has documents uploaded">/app/backend/tests/test_chat_and_payment_features.py:243: Quote already has documents uploaded</skipped></testcase><testcase classname="backend.tests.test_chat_and_payment_features.TestPaymentDocumentValidation" name="test_upload_document_and_verify" time="0.104" /><testcase classname="backend.tests.test_chat_and_payment_features.TestPaymentDocumentValidation" name="test_verify_document_in_quote" time="0.046" /><testcase classname="backend.tests.test_chat_and_payment_features.TestQuoteStatusValidation" name="test_chat_available_for_accepted_status" time="0.047" /><testcase classname="backend.tests.test_chat_and_payment_features.TestQuoteStatusValidation" name="test_quote_status_is_accepted" time="0.048" /></testsuite></testsuites>