<?xml version="1.0" encoding="utf-8"?><testsuites name="pytest tests"><testsuite name="pytest" errors="0" failures="0" skipped="0" tests="7" time="2.617" timestamp="2026-04-01T17:59:08.303494+00:00" hostname="agent-env-ede991fc-4bde-4eb8-a0af-c48c4ece075a"><testcase classname="backend.tests.test_employee_portal_redesign.TestEmployeeLogin" name="test_employee_login_success" time="0.394" /><testcase classname="backend.tests.test_employee_portal_redesign.TestEmployeeLogin" name="test_employee_my_plans_endpoint" time="0.465" /><testcase classname="backend.tests.test_employee_portal_redesign.TestEmployeeLogin" name="test_employee_1095c_download" time="0.472" /><testcase classname="backend.tests.test_employee_portal_redesign.TestEmployerLogin" name="test_employer_login_success" time="0.356" /><testcase classname="backend.tests.test_employee_portal_redesign.TestBackendAPIs" name="test_eligibility_endpoint" time="0.442" /><testcase classname="backend.tests.test_employee_portal_redesign.TestBackendAPIs" name="test_1095c_forms_endpoint" time="0.432" /><testcase classname="backend.tests.test_employee_portal_redesign.TestDataTestIds" name="test_required_testids_in_code" time="0.000" /></testsuite></testsuites>