<?xml version="1.0" encoding="utf-8"?><testsuites name="pytest tests"><testsuite name="pytest" errors="0" failures="0" skipped="0" tests="8" time="4.243" timestamp="2026-04-01T17:47:06.884429+00:00" hostname="agent-env-ede991fc-4bde-4eb8-a0af-c48c4ece075a"><testcase classname="backend.tests.test_employee_1095c_download.TestEmployee1095CDownload" name="test_employer_login" time="0.368" /><testcase classname="backend.tests.test_employee_1095c_download.TestEmployee1095CDownload" name="test_employee_login" time="0.338" /><testcase classname="backend.tests.test_employee_1095c_download.TestEmployee1095CDownload" name="test_irs_forms_shows_2_1095c_forms" time="0.456" /><testcase classname="backend.tests.test_employee_1095c_download.TestEmployee1095CDownload" name="test_eligibility_shows_non_1h_for_offered_employees" time="0.452" /><testcase classname="backend.tests.test_employee_1095c_download.TestEmployee1095CDownload" name="test_employee_1095c_pdf_download_success" time="1.553" /><testcase classname="backend.tests.test_employee_1095c_download.TestEmployee1095CDownload" name="test_employee_portal_shows_my_plans" time="0.472" /><testcase classname="backend.tests.test_employee_1095c_download.TestEmployee1095CDownload" name="test_unauthenticated_1095c_download_fails" time="0.096" /><testcase classname="backend.tests.test_employee_1095c_download.TestEmployee1095CEdgeCases" name="test_employer_cannot_use_employee_endpoint" time="0.441" /></testsuite></testsuites>