<?xml version="1.0" encoding="utf-8"?><testsuites name="pytest tests"><testsuite name="pytest" errors="0" failures="0" skipped="0" tests="11" time="1.915" timestamp="2026-04-02T07:34:42.259662+00:00" hostname="agent-env-ede991fc-4bde-4eb8-a0af-c48c4ece075a"><testcase classname="backend.tests.test_hhs_mv_calculator.TestHHSMVCalculatorBackend" name="test_silver_ppo_mv_calculation" time="0.555" /><testcase classname="backend.tests.test_hhs_mv_calculator.TestHHSMVCalculatorBackend" name="test_gold_hmo_mv_calculation" time="0.106" /><testcase classname="backend.tests.test_hhs_mv_calculator.TestHHSMVCalculatorBackend" name="test_bronze_hdhp_mv_calculation" time="0.108" /><testcase classname="backend.tests.test_hhs_mv_calculator.TestHHSMVCalculatorBackend" name="test_platinum_ppo_mv_calculation" time="0.106" /><testcase classname="backend.tests.test_hhs_mv_calculator.TestHHSMVCalculatorBackend" name="test_standard_epo_mv_calculation" time="0.098" /><testcase classname="backend.tests.test_hhs_mv_calculator.TestHHSMVResponseStructure" name="test_mv_response_includes_category_breakdown" time="0.139" /><testcase classname="backend.tests.test_hhs_mv_calculator.TestHHSMVResponseStructure" name="test_mv_response_includes_premium_analysis" time="0.142" /><testcase classname="backend.tests.test_hhs_mv_calculator.TestHHSMVResponseStructure" name="test_mv_response_includes_plan_parameters" time="0.102" /><testcase classname="backend.tests.test_hhs_mv_calculator.TestHHSMVResponseStructure" name="test_mv_response_includes_cost_analysis" time="0.104" /><testcase classname="backend.tests.test_hhs_mv_calculator.TestHHSMVResponseStructure" name="test_mv_response_includes_employer_contribution_fields" time="0.118" /><testcase classname="backend.tests.test_hhs_mv_calculator.TestMVPersistence" name="test_compliance_check_updates_stored_mv" time="0.206" /></testsuite></testsuites>