<?xml version="1.0" encoding="utf-8"?><testsuites name="pytest tests"><testsuite name="pytest" errors="0" failures="0" skipped="0" tests="42" time="5.357" timestamp="2026-03-23T10:34:34.929118+00:00" hostname="agent-env-5cbce2ea-547c-4dbe-bad3-e24e028214bf"><testcase classname="backend.tests.test_irs_forms.TestIRSFormsSummary" name="test_summary_endpoint_returns_200" time="0.572" /><testcase classname="backend.tests.test_irs_forms.TestIRSFormsSummary" name="test_summary_contains_required_fields" time="0.108" /><testcase classname="backend.tests.test_irs_forms.TestIRSFormsSummary" name="test_summary_employee_counts_correct" time="0.136" /><testcase classname="backend.tests.test_irs_forms.TestIRSFormsSummary" name="test_summary_mec_counts_correct" time="0.113" /><testcase classname="backend.tests.test_irs_forms.TestIRSFormsSummary" name="test_summary_invalid_employer_returns_404" time="0.105" /><testcase classname="backend.tests.test_irs_forms.TestIRSCodesReference" name="test_codes_endpoint_returns_200" time="0.115" /><testcase classname="backend.tests.test_irs_forms.TestIRSCodesReference" name="test_codes_contains_line14_codes" time="0.104" /><testcase classname="backend.tests.test_irs_forms.TestIRSCodesReference" name="test_codes_contains_line16_codes" time="0.107" /><testcase classname="backend.tests.test_irs_forms.TestForm1094C" name="test_1094c_generation_returns_200" time="0.115" /><testcase classname="backend.tests.test_irs_forms.TestForm1094C" name="test_1094c_contains_required_parts" time="0.101" /><testcase classname="backend.tests.test_irs_forms.TestForm1094C" name="test_1094c_part1_employer_info" time="0.099" /><testcase classname="backend.tests.test_irs_forms.TestForm1094C" name="test_1094c_part2_ale_info" time="0.141" /><testcase classname="backend.tests.test_irs_forms.TestForm1094C" name="test_1094c_part3_monthly_data" time="0.106" /><testcase classname="backend.tests.test_irs_forms.TestForm1094C" name="test_1094c_invalid_employer_returns_404" time="0.107" /><testcase classname="backend.tests.test_irs_forms.TestForm1095CBatch" name="test_1095c_batch_returns_200" time="0.235" /><testcase classname="backend.tests.test_irs_forms.TestForm1095CBatch" name="test_1095c_batch_contains_forms_array" time="0.110" /><testcase classname="backend.tests.test_irs_forms.TestForm1095CBatch" name="test_1095c_batch_generates_for_ft_employees" time="0.114" /><testcase classname="backend.tests.test_irs_forms.TestForm1095CBatch" name="test_1095c_batch_form_structure" time="0.102" /><testcase classname="backend.tests.test_irs_forms.TestForm1095CBatch" name="test_1095c_batch_invalid_employer_returns_404" time="0.099" /><testcase classname="backend.tests.test_irs_forms.TestForm1095CSingle" name="test_1095c_single_returns_200" time="0.113" /><testcase classname="backend.tests.test_irs_forms.TestForm1095CSingle" name="test_1095c_single_alice_enrolled" time="0.154" /><testcase classname="backend.tests.test_irs_forms.TestForm1095CSingle" name="test_1095c_single_bob_not_enrolled" time="0.111" /><testcase classname="backend.tests.test_irs_forms.TestForm1095CSingle" name="test_1095c_single_line14_code_for_ft_offered" time="0.114" /><testcase classname="backend.tests.test_irs_forms.TestForm1095CSingle" name="test_1095c_single_monthly_data" time="0.104" /><testcase classname="backend.tests.test_irs_forms.TestForm1095CSingle" name="test_1095c_single_invalid_employee_returns_404" time="0.095" /><testcase classname="backend.tests.test_irs_forms.TestForm1094CPDF" name="test_1094c_pdf_returns_200" time="0.102" /><testcase classname="backend.tests.test_irs_forms.TestForm1094CPDF" name="test_1094c_pdf_content_type" time="0.105" /><testcase classname="backend.tests.test_irs_forms.TestForm1094CPDF" name="test_1094c_pdf_has_content_disposition" time="0.102" /><testcase classname="backend.tests.test_irs_forms.TestForm1094CPDF" name="test_1094c_pdf_is_valid_pdf" time="0.105" /><testcase classname="backend.tests.test_irs_forms.TestForm1094CPDF" name="test_1094c_pdf_invalid_employer_returns_404" time="0.097" /><testcase classname="backend.tests.test_irs_forms.TestForm1095CPDF" name="test_1095c_pdf_returns_200" time="0.109" /><testcase classname="backend.tests.test_irs_forms.TestForm1095CPDF" name="test_1095c_pdf_content_type" time="0.114" /><testcase classname="backend.tests.test_irs_forms.TestForm1095CPDF" name="test_1095c_pdf_has_content_disposition" time="0.105" /><testcase classname="backend.tests.test_irs_forms.TestForm1095CPDF" name="test_1095c_pdf_is_valid_pdf" time="0.123" /><testcase classname="backend.tests.test_irs_forms.TestForm1095CPDF" name="test_1095c_pdf_invalid_employee_returns_404" time="0.099" /><testcase classname="backend.tests.test_irs_forms.TestIRSCodeLogic" name="test_line14_1a_qualifying_offer" time="0.130" /><testcase classname="backend.tests.test_irs_forms.TestIRSCodeLogic" name="test_line16_2c_enrolled" time="0.096" /><testcase classname="backend.tests.test_irs_forms.TestIRSCodeLogic" name="test_line16_safe_harbor_not_enrolled" time="0.096" /><testcase classname="backend.tests.test_irs_forms.TestAuthRequired" name="test_summary_requires_auth" time="0.115" /><testcase classname="backend.tests.test_irs_forms.TestAuthRequired" name="test_1094c_requires_auth" time="0.102" /><testcase classname="backend.tests.test_irs_forms.TestAuthRequired" name="test_1095c_requires_auth" time="0.129" /><testcase classname="backend.tests.test_irs_forms.TestAuthRequired" name="test_codes_requires_auth" time="0.094" /></testsuite></testsuites>