<?xml version="1.0" encoding="utf-8"?><testsuites name="pytest tests"><testsuite name="pytest" errors="0" failures="0" skipped="0" tests="15" time="6.971" timestamp="2026-03-31T10:32:07.153991+00:00" hostname="agent-env-ede991fc-4bde-4eb8-a0af-c48c4ece075a"><testcase classname="backend.tests.test_irs_offer_codes.TestIRSOfferCodes" name="test_get_eligibility_returns_200" time="0.532" /><testcase classname="backend.tests.test_irs_offer_codes.TestIRSOfferCodes" name="test_eligibility_results_have_offer_codes" time="0.396" /><testcase classname="backend.tests.test_irs_offer_codes.TestIRSOfferCodes" name="test_ft_employees_not_1h_when_plans_available" time="0.433" /><testcase classname="backend.tests.test_irs_offer_codes.TestIRSOfferCodes" name="test_pt_employees_get_1h" time="0.377" /><testcase classname="backend.tests.test_irs_offer_codes.TestIRSOfferCodes" name="test_run_eligibility_engine" time="0.566" /><testcase classname="backend.tests.test_irs_offer_codes.TestIRSOfferCodes" name="test_eligibility_engine_assigns_correct_codes" time="0.643" /><testcase classname="backend.tests.test_irs_offer_codes.TestIRSOfferCodes" name="test_get_1095c_forms_returns_200" time="0.406" /><testcase classname="backend.tests.test_irs_offer_codes.TestIRSOfferCodes" name="test_1095c_line14_matches_eligibility_offer_codes" time="0.467" /><testcase classname="backend.tests.test_irs_offer_codes.TestIRSOfferCodes" name="test_1095c_ft_employees_not_1h_or_1f" time="0.469" /><testcase classname="backend.tests.test_irs_offer_codes.TestIRSOfferCodes" name="test_get_1094c_form_returns_200" time="0.375" /><testcase classname="backend.tests.test_irs_offer_codes.TestIRSOfferCodes" name="test_1094c_summary_uses_plan_library" time="0.459" /><testcase classname="backend.tests.test_irs_offer_codes.TestIRSOfferCodes" name="test_get_irs_forms_summary" time="0.393" /><testcase classname="backend.tests.test_irs_offer_codes.TestIRSOfferCodes" name="test_irs_summary_plans_from_plan_library" time="0.418" /><testcase classname="backend.tests.test_irs_offer_codes.TestIRSOfferCodes" name="test_get_plan_library" time="0.383" /><testcase classname="backend.tests.test_irs_offer_codes.TestIRSOfferCodes" name="test_plan_compliance_check" time="0.451" /></testsuite></testsuites>