<?xml version="1.0" encoding="utf-8"?><testsuites name="pytest tests"><testsuite name="pytest" errors="0" failures="0" skipped="0" tests="7" time="1.841" timestamp="2026-04-01T12:02:31.985208+00:00" hostname="agent-env-ede991fc-4bde-4eb8-a0af-c48c4ece075a"><testcase classname="backend.tests.test_irs_1095c_1h_filtering.TestIRS1095CFiltering" name="test_1095c_batch_returns_only_offered_employees" time="0.482" /><testcase classname="backend.tests.test_irs_1095c_1h_filtering.TestIRS1095CFiltering" name="test_1095c_forms_have_valid_offer_codes" time="0.132" /><testcase classname="backend.tests.test_irs_1095c_1h_filtering.TestIRS1095CPDFDownload" name="test_pdf_download_for_offered_employee" time="0.305" /><testcase classname="backend.tests.test_irs_1095c_1h_filtering.TestIRS1095CPDFDownload" name="test_pdf_download_returns_400_for_1h_employee" time="0.298" /><testcase classname="backend.tests.test_irs_1095c_1h_filtering.TestIRS1094C" name="test_1094c_generates_correctly" time="0.219" /><testcase classname="backend.tests.test_irs_1095c_1h_filtering.TestIRSSummary" name="test_summary_data_accurate" time="0.109" /><testcase classname="backend.tests.test_irs_1095c_1h_filtering.TestOfferCodeDistribution" name="test_offer_code_distribution" time="0.228" /></testsuite></testsuites>