<?xml version="1.0" encoding="utf-8"?><testsuites name="pytest tests"><testsuite name="pytest" errors="0" failures="0" skipped="0" tests="35" time="6.620" timestamp="2026-03-24T12:41:44.375618+00:00" hostname="agent-env-e5f4defc-edf4-4316-a065-00013e2cfbb8"><testcase classname="backend.tests.test_marketplace.TestActuaryMarketplace" name="test_01_register_employer" time="0.628" /><testcase classname="backend.tests.test_marketplace.TestActuaryMarketplace" name="test_02_register_actuary" time="0.398" /><testcase classname="backend.tests.test_marketplace.TestActuaryMarketplace" name="test_03_get_actuary_marketplace_directory" time="0.151" /><testcase classname="backend.tests.test_marketplace.TestActuaryMarketplace" name="test_04_get_actuary_detail" time="0.106" /><testcase classname="backend.tests.test_marketplace.TestActuaryMarketplace" name="test_05_get_actuary_not_found" time="0.111" /><testcase classname="backend.tests.test_marketplace.TestActuaryMarketplace" name="test_06_create_employer" time="0.113" /><testcase classname="backend.tests.test_marketplace.TestActuaryMarketplace" name="test_07_create_plan" time="0.128" /><testcase classname="backend.tests.test_marketplace.TestActuaryMarketplace" name="test_08_create_quote_request" time="0.134" /><testcase classname="backend.tests.test_marketplace.TestActuaryMarketplace" name="test_09_duplicate_quote_request_fails" time="0.122" /><testcase classname="backend.tests.test_marketplace.TestActuaryMarketplace" name="test_10_get_quotes_employer" time="0.109" /><testcase classname="backend.tests.test_marketplace.TestActuaryMarketplace" name="test_11_get_quote_detail" time="0.132" /><testcase classname="backend.tests.test_marketplace.TestActuaryMarketplace" name="test_12_actuary_accept_quote" time="0.105" /><testcase classname="backend.tests.test_marketplace.TestActuaryMarketplace" name="test_13_cannot_respond_to_accepted_quote" time="0.125" /><testcase classname="backend.tests.test_marketplace.TestActuaryMarketplace" name="test_14_pay_quote" time="0.113" /><testcase classname="backend.tests.test_marketplace.TestActuaryMarketplace" name="test_15_cannot_pay_already_paid" time="0.114" /><testcase classname="backend.tests.test_marketplace.TestActuaryMarketplace" name="test_16_deliver_certification" time="0.108" /><testcase classname="backend.tests.test_marketplace.TestActuaryMarketplace" name="test_17_cannot_deliver_to_non_paid" time="0.343" /><testcase classname="backend.tests.test_marketplace.TestActuaryMarketplace" name="test_18_validate_certification_accept" time="0.134" /><testcase classname="backend.tests.test_marketplace.TestActuaryMarketplace" name="test_19_verify_plan_updated_after_validation" time="0.108" /><testcase classname="backend.tests.test_marketplace.TestActuaryMarketplace" name="test_20_create_quote_for_resubmission_test" time="0.225" /><testcase classname="backend.tests.test_marketplace.TestActuaryMarketplace" name="test_21_accept_resubmit_quote" time="0.109" /><testcase classname="backend.tests.test_marketplace.TestActuaryMarketplace" name="test_22_pay_resubmit_quote" time="0.128" /><testcase classname="backend.tests.test_marketplace.TestActuaryMarketplace" name="test_23_deliver_resubmit_certification" time="0.119" /><testcase classname="backend.tests.test_marketplace.TestActuaryMarketplace" name="test_24_reject_certification_for_resubmission" time="0.123" /><testcase classname="backend.tests.test_marketplace.TestActuaryMarketplace" name="test_25_resubmit_certification" time="0.123" /><testcase classname="backend.tests.test_marketplace.TestActuaryMarketplace" name="test_26_validate_resubmitted_certification" time="0.116" /><testcase classname="backend.tests.test_marketplace.TestActuaryMarketplace" name="test_27_get_notifications_employer" time="0.102" /><testcase classname="backend.tests.test_marketplace.TestActuaryMarketplace" name="test_28_mark_all_notifications_read" time="0.230" /><testcase classname="backend.tests.test_marketplace.TestActuaryMarketplace" name="test_29_create_quote_for_rejection_test" time="0.239" /><testcase classname="backend.tests.test_marketplace.TestActuaryMarketplace" name="test_30_actuary_reject_quote" time="0.123" /><testcase classname="backend.tests.test_marketplace.TestActuaryMarketplace" name="test_31_quote_not_found" time="0.346" /><testcase classname="backend.tests.test_marketplace.TestActuaryMarketplace" name="test_32_plan_not_found_for_quote" time="0.141" /><testcase classname="backend.tests.test_marketplace.TestActuaryMarketplace" name="test_33_actuary_not_found_for_quote" time="0.240" /><testcase classname="backend.tests.test_marketplace.TestActuaryMarketplace" name="test_34_unauthenticated_access_denied" time="0.304" /><testcase classname="backend.tests.test_marketplace.TestMVCalculatorMarketplaceCTA" name="test_mv_calculate_form_needs_certification" time="0.443" /></testsuite></testsuites>