<?xml version="1.0" encoding="utf-8"?><testsuites name="pytest tests"><testsuite name="pytest" errors="0" failures="0" skipped="0" tests="7" time="1.271" timestamp="2026-04-02T06:37:08.686366+00:00" hostname="agent-env-ede991fc-4bde-4eb8-a0af-c48c4ece075a"><testcase classname="backend.tests.test_mv_compliance_fix.TestMVComplianceFix" name="test_platinum_ppo_should_fail_mv" time="0.519" /><testcase classname="backend.tests.test_mv_compliance_fix.TestMVComplianceFix" name="test_silver_ppo_should_pass_mv" time="0.141" /><testcase classname="backend.tests.test_mv_compliance_fix.TestMVComplianceFix" name="test_gold_hmo_should_pass_mv" time="0.105" /><testcase classname="backend.tests.test_mv_compliance_fix.TestMVComplianceFix" name="test_bronze_hdhp_should_pass_mv" time="0.102" /><testcase classname="backend.tests.test_mv_compliance_fix.TestMVComplianceFix" name="test_standard_epo_should_pass_mv" time="0.105" /><testcase classname="backend.tests.test_mv_compliance_fix.TestMVComplianceFix" name="test_mv_response_includes_new_fields" time="0.124" /><testcase classname="backend.tests.test_mv_compliance_fix.TestMVComplianceResponseStructure" name="test_compliance_response_structure" time="0.105" /></testsuite></testsuites>