<?xml version="1.0" encoding="utf-8"?><testsuites name="pytest tests"><testsuite name="pytest" errors="0" failures="0" skipped="0" tests="9" time="1.192" timestamp="2026-04-01T17:30:30.816083+00:00" hostname="agent-env-ede991fc-4bde-4eb8-a0af-c48c4ece075a"><testcase classname="backend.tests.test_offer_code_bug_fix.TestPlanAssignments" name="test_get_plan_assignments_returns_only_two" time="0.577" /><testcase classname="backend.tests.test_offer_code_bug_fix.TestEligibilityEngine" name="test_run_eligibility_engine" time="0.110" /><testcase classname="backend.tests.test_offer_code_bug_fix.TestEligibilityEngine" name="test_get_eligibility_results" time="0.057" /><testcase classname="backend.tests.test_offer_code_bug_fix.TestIRSForms" name="test_1095c_forms_only_two_generated" time="0.052" /><testcase classname="backend.tests.test_offer_code_bug_fix.TestIRSForms" name="test_1094c_form_still_works" time="0.051" /><testcase classname="backend.tests.test_offer_code_bug_fix.TestIRSForms" name="test_irs_summary" time="0.052" /><testcase classname="backend.tests.test_offer_code_bug_fix.TestOfferCodeLogic" name="test_ft_employee_without_assignment_gets_1h" time="0.054" /><testcase classname="backend.tests.test_offer_code_bug_fix.TestOfferCodeLogic" name="test_pt_employee_gets_1h" time="0.054" /><testcase classname="backend.tests.test_offer_code_bug_fix.TestOfferCodeLogic" name="test_employee_with_assignment_gets_non_1h" time="0.067" /></testsuite></testsuites>