<?xml version="1.0" encoding="utf-8"?><testsuites name="pytest tests"><testsuite name="pytest" errors="0" failures="0" skipped="0" tests="15" time="3.565" timestamp="2026-03-27T07:33:35.208910+00:00" hostname="agent-env-86393be4-a8b5-41d1-9f73-ce4bb597c988"><testcase classname="backend.tests.test_plan_library_features.TestComplianceCheck" name="test_compliance_check_returns_mec_data" time="0.721" /><testcase classname="backend.tests.test_plan_library_features.TestComplianceCheck" name="test_compliance_check_returns_mv_data" time="0.131" /><testcase classname="backend.tests.test_plan_library_features.TestComplianceCheck" name="test_compliance_check_returns_affordability_data" time="0.153" /><testcase classname="backend.tests.test_plan_library_features.TestComplianceCheck" name="test_compliance_check_returns_overall_status" time="0.171" /><testcase classname="backend.tests.test_plan_library_features.TestComplianceCheck" name="test_compliance_check_invalid_plan" time="0.127" /><testcase classname="backend.tests.test_plan_library_features.TestEmployeeAssignment" name="test_get_employees_list" time="0.134" /><testcase classname="backend.tests.test_plan_library_features.TestEmployeeAssignment" name="test_get_assigned_employees_empty" time="0.121" /><testcase classname="backend.tests.test_plan_library_features.TestEmployeeAssignment" name="test_assign_employees_to_plan" time="0.244" /><testcase classname="backend.tests.test_plan_library_features.TestEmployeeAssignment" name="test_verify_assignments_persisted" time="0.127" /><testcase classname="backend.tests.test_plan_library_features.TestEmployeeAssignment" name="test_unassign_employees" time="0.248" /><testcase classname="backend.tests.test_plan_library_features.TestEmployeeAssignment" name="test_get_all_assignments" time="0.120" /><testcase classname="backend.tests.test_plan_library_features.TestEmployeeAssignment" name="test_assign_empty_list_fails" time="0.119" /><testcase classname="backend.tests.test_plan_library_features.TestEmployeePortalFiltering" name="test_employee_my_plans_endpoint" time="0.488" /><testcase classname="backend.tests.test_plan_library_features.TestEmployeePortalFiltering" name="test_employee_sees_assigned_plans_only" time="0.393" /><testcase classname="backend.tests.test_plan_library_features.TestPlanLibraryBasics" name="test_get_plans" time="0.123" /></testsuite></testsuites>