<?xml version="1.0" encoding="utf-8"?><testsuites name="pytest tests"><testsuite name="pytest" errors="0" failures="0" skipped="0" tests="11" time="1.596" timestamp="2026-03-31T08:23:36.233711+00:00" hostname="agent-env-ede991fc-4bde-4eb8-a0af-c48c4ece075a"><testcase classname="backend.tests.test_predictive_intelligence.TestPredictiveAlerts" name="test_get_alerts_returns_200" time="0.461" /><testcase classname="backend.tests.test_predictive_intelligence.TestPredictiveAlerts" name="test_alerts_response_structure" time="0.102" /><testcase classname="backend.tests.test_predictive_intelligence.TestPredictiveGrowth" name="test_get_growth_returns_200" time="0.149" /><testcase classname="backend.tests.test_predictive_intelligence.TestPredictiveGrowth" name="test_growth_response_structure" time="0.104" /><testcase classname="backend.tests.test_predictive_intelligence.TestPredictiveExposure" name="test_get_exposure_returns_200" time="0.113" /><testcase classname="backend.tests.test_predictive_intelligence.TestPredictiveExposure" name="test_exposure_response_structure" time="0.100" /><testcase classname="backend.tests.test_predictive_intelligence.TestPredictiveScenario" name="test_scenario_hire_10_ft" time="0.103" /><testcase classname="backend.tests.test_predictive_intelligence.TestPredictiveScenario" name="test_scenario_drop_mec" time="0.106" /><testcase classname="backend.tests.test_predictive_intelligence.TestPredictiveScenario" name="test_scenario_response_structure" time="0.098" /><testcase classname="backend.tests.test_predictive_intelligence.TestPredictiveAISummary" name="test_ai_summary_returns_200" time="0.114" /><testcase classname="backend.tests.test_predictive_intelligence.TestPredictiveAISummary" name="test_ai_summary_response_structure" time="0.096" /></testsuite></testsuites>