<?xml version="1.0" encoding="utf-8"?><testsuites name="pytest tests"><testsuite name="pytest" errors="0" failures="0" skipped="0" tests="18" time="4.564" timestamp="2026-03-18T12:06:37.481545+00:00" hostname="agent-env-46b59063-a796-4a85-91cb-b6edc65555fb"><testcase classname="backend.tests.test_workflow.TestAuth" name="test_login_success" time="0.573" /><testcase classname="backend.tests.test_workflow.TestWorkflowAPI" name="test_get_workflow_initial_state" time="0.684" /><testcase classname="backend.tests.test_workflow.TestWorkflowAPI" name="test_execute_step_onboarding" time="0.144" /><testcase classname="backend.tests.test_workflow.TestWorkflowAPI" name="test_execute_step_employee_profiles" time="0.122" /><testcase classname="backend.tests.test_workflow.TestWorkflowAPI" name="test_execute_step_fte_calculation" time="0.151" /><testcase classname="backend.tests.test_workflow.TestWorkflowAPI" name="test_execute_step_ale_status" time="0.123" /><testcase classname="backend.tests.test_workflow.TestWorkflowAPI" name="test_execute_step_eligibility" time="0.163" /><testcase classname="backend.tests.test_workflow.TestWorkflowAPI" name="test_execute_step_mec_validation" time="0.122" /><testcase classname="backend.tests.test_workflow.TestWorkflowAPI" name="test_execute_step_mv_calculation" time="0.173" /><testcase classname="backend.tests.test_workflow.TestWorkflowAPI" name="test_execute_step_affordability" time="0.117" /><testcase classname="backend.tests.test_workflow.TestWorkflowAPI" name="test_execute_step_subsidy_check" time="0.128" /><testcase classname="backend.tests.test_workflow.TestWorkflowAPI" name="test_execute_step_plan_approval" time="0.130" /><testcase classname="backend.tests.test_workflow.TestWorkflowAPI" name="test_execute_step_irs_reporting" time="0.124" /><testcase classname="backend.tests.test_workflow.TestWorkflowAPI" name="test_execute_step_compliance_complete" time="0.115" /><testcase classname="backend.tests.test_workflow.TestWorkflowAPI" name="test_run_full_workflow" time="0.121" /><testcase classname="backend.tests.test_workflow.TestWorkflowAPI" name="test_get_workflow_after_run_all" time="0.115" /><testcase classname="backend.tests.test_workflow.TestEmployerEndpoints" name="test_get_employers_list" time="0.539" /><testcase classname="backend.tests.test_workflow.TestDashboardEndpoints" name="test_enhanced_dashboard" time="0.707" /></testsuite></testsuites>